<?xml version="1.0" encoding="UTF-8"?>
<!-- Generated by org.testng.reporters.JUnitXMLReporter -->
<testsuite hostname="ajay-PC" name="Default test" tests="2" failures="0" timestamp="4 Jul 2017 06:18:29 GMT" time="48.895" errors="0">
  <testcase name="createPotentialTest" time="45.492" classname="com.abtrading.zoho.project.testcases.PotentialTest"/>
  <testcase name="deletePotentialAccountTest" time="0.003" classname="com.abtrading.zoho.project.testcases.PotentialTest"/>
</testsuite> <!-- Default test -->
