<?xml version="1.0" encoding="UTF-8"?>
<!-- Generated by org.testng.reporters.JUnitXMLReporter -->
<testsuite hostname="ajay-PC" name=" Lead Test" tests="9" failures="0" timestamp="30 Jun 2017 07:25:44 GMT" time="1.053" errors="0">
  <testcase name="createLeadTest" time="0.005" classname="com.abtrading.zoho.project.testcases.LeadTest">
    <skipped/>
  </testcase> <!-- createLeadTest -->
  <testcase name="createLeadTest" time="0.007" classname="com.abtrading.zoho.project.testcases.LeadTest">
    <skipped/>
  </testcase> <!-- createLeadTest -->
  <testcase name="createLeadTest" time="0.006" classname="com.abtrading.zoho.project.testcases.LeadTest">
    <skipped/>
  </testcase> <!-- createLeadTest -->
  <testcase name="createLeadTest" time="0.006" classname="com.abtrading.zoho.project.testcases.LeadTest">
    <skipped/>
  </testcase> <!-- createLeadTest -->
  <testcase name="convertLeadTest" time="0.004" classname="com.abtrading.zoho.project.testcases.LeadTest">
    <skipped/>
  </testcase> <!-- convertLeadTest -->
  <testcase name="convertLeadTest" time="0.004" classname="com.abtrading.zoho.project.testcases.LeadTest">
    <skipped/>
  </testcase> <!-- convertLeadTest -->
  <testcase name="convertLeadTest" time="0.007" classname="com.abtrading.zoho.project.testcases.LeadTest">
    <skipped/>
  </testcase> <!-- convertLeadTest -->
  <testcase name="convertLeadTest" time="0.012" classname="com.abtrading.zoho.project.testcases.LeadTest">
    <skipped/>
  </testcase> <!-- convertLeadTest -->
  <testcase name="deleteLeadAccountTest" time="0.002" classname="com.abtrading.zoho.project.testcases.LeadTest">
    <skipped/>
  </testcase> <!-- deleteLeadAccountTest -->
</testsuite> <!--  Lead Test -->
