<?xml version="1.0" encoding="UTF-8"?>
<!-- Generated by org.testng.reporters.JUnitXMLReporter -->
<testsuite hostname="ajay-PC" name="Login Test" tests="2" failures="0" timestamp="30 Jun 2017 07:25:42 GMT" time="1.225" errors="0">
  <testcase name="doLogin" time="0.016" classname="com.abtrading.zoho.project.testcases.LoginTest">
    <skipped/>
  </testcase> <!-- doLogin -->
  <testcase name="doLogin" time="0.005" classname="com.abtrading.zoho.project.testcases.LoginTest">
    <skipped/>
  </testcase> <!-- doLogin -->
</testsuite> <!-- Login Test -->
