<?xml version="1.0" encoding="UTF-8"?>
<!-- Generated by org.testng.reporters.JUnitXMLReporter -->
<testsuite hostname="ajay-PC" name="Potential Test" tests="2" failures="0" timestamp="30 Jun 2017 07:25:44 GMT" time="0.145" errors="0">
  <testcase name="createPotentialTest" time="0.001" classname="com.abtrading.zoho.project.testcases.PotentialTest">
    <skipped/>
  </testcase> <!-- createPotentialTest -->
  <testcase name="deletePotentialAccountTest" time="0.0" classname="com.abtrading.zoho.project.testcases.PotentialTest">
    <skipped/>
  </testcase> <!-- deletePotentialAccountTest -->
</testsuite> <!-- Potential Test -->
